<?xml version="1.0" encoding="UTF-8"?>
<!-- Generated by org.testng.reporters.JUnitReportReporter -->
<testsuite hostname="SUFIYAN" failures="0" tests="2" name="cucumberOptions.TestNGTestRunner" time="25.435" errors="0" timestamp="2025-01-09T16:02:57 IST" skipped="0">
  <testcase classname="cucumberOptions.TestNGTestRunner" name="runScenario" time="12.579"/>
  <testcase classname="cucumberOptions.TestNGTestRunner" name="runScenario" time="12.856"/>
</testsuite> <!-- cucumberOptions.TestNGTestRunner -->
