<?xml version="1.0" encoding="UTF-8"?>
<!-- Generated by org.testng.reporters.JUnitReportReporter -->
<testsuite hostname="SUFIYAN" failures="0" tests="1" name="cucumberOptions.TestNGTestRunner" time="10.395" errors="0" timestamp="2024-10-30T16:45:47 IST" skipped="0">
  <testcase classname="cucumberOptions.TestNGTestRunner" name="runScenario" time="10.395"/>
</testsuite> <!-- cucumberOptions.TestNGTestRunner -->
