<?xml version="1.0" encoding="UTF-8"?>
<!-- Generated by org.testng.reporters.JUnitReportReporter -->
<testsuite hostname="SUFIYAN" failures="0" tests="7" name="cucumberOptions.TestNGTestRunner" time="42.218" errors="0" timestamp="2024-11-27T13:05:42 IST" skipped="0">
  <testcase classname="cucumberOptions.TestNGTestRunner" name="runScenario" time="3.142"/>
  <testcase classname="cucumberOptions.TestNGTestRunner" name="runScenario" time="9.479"/>
  <testcase classname="cucumberOptions.TestNGTestRunner" name="runScenario" time="9.574"/>
  <testcase classname="cucumberOptions.TestNGTestRunner" name="runScenario" time="3.936"/>
  <testcase classname="cucumberOptions.TestNGTestRunner" name="runScenario" time="4.745"/>
  <testcase classname="cucumberOptions.TestNGTestRunner" name="runScenario" time="6.058"/>
  <testcase classname="cucumberOptions.TestNGTestRunner" name="runScenario" time="5.284"/>
</testsuite> <!-- cucumberOptions.TestNGTestRunner -->
