<?xml version="1.0" encoding="UTF-8"?>
<!-- Generated by org.testng.reporters.JUnitReportReporter -->
<testsuite hostname="SUFIYAN" failures="0" tests="2" name="cucumberOptions.TestNGTestRunner" time="21.977" errors="0" timestamp="2024-10-29T16:24:33 IST" skipped="0">
  <testcase classname="cucumberOptions.TestNGTestRunner" name="runScenario" time="10.072"/>
  <testcase classname="cucumberOptions.TestNGTestRunner" name="runScenario" time="11.905"/>
</testsuite> <!-- cucumberOptions.TestNGTestRunner -->
