<?xml version="1.0" encoding="UTF-8"?>
<!-- Generated by org.testng.reporters.JUnitReportReporter -->
<testsuite hostname="SUFIYAN" failures="0" tests="2" name="cucumberOptions.TestNGTestRunner" time="23.324" errors="0" timestamp="2024-10-30T18:49:45 IST" skipped="0">
  <testcase classname="cucumberOptions.TestNGTestRunner" name="runScenario" time="12.101"/>
  <testcase classname="cucumberOptions.TestNGTestRunner" name="runScenario" time="11.223"/>
</testsuite> <!-- cucumberOptions.TestNGTestRunner -->
