<?xml version="1.0" encoding="UTF-8"?>
<!-- Generated by org.testng.reporters.JUnitReportReporter -->
<testsuite hostname="SUFIYAN" failures="0" tests="1" name="cucumberOptions.TestNGTestRunner" time="18.140" errors="0" timestamp="2024-12-11T14:43:03 IST" skipped="0">
  <testcase classname="cucumberOptions.TestNGTestRunner" name="runScenario" time="18.140"/>
</testsuite> <!-- cucumberOptions.TestNGTestRunner -->
