<?xml version="1.0" encoding="UTF-8"?>
<!-- Generated by org.testng.reporters.JUnitReportReporter -->
<testsuite hostname="SUFIYAN" failures="0" tests="1" name="cucumberOptions.TestNGTestRunner" time="3.563" errors="0" timestamp="2024-10-29T17:54:08 IST" skipped="0">
  <testcase classname="cucumberOptions.TestNGTestRunner" name="runScenario" time="3.563"/>
</testsuite> <!-- cucumberOptions.TestNGTestRunner -->
