<?xml version="1.0" encoding="UTF-8"?>
<!-- Generated by org.testng.reporters.JUnitReportReporter -->
<testsuite hostname="SUFIYAN" failures="0" tests="2" name="cucumberOptions.TestNGTestRunner" time="52.541" errors="0" timestamp="2024-10-25T12:58:09 IST" skipped="0">
  <testcase classname="cucumberOptions.TestNGTestRunner" name="runScenario" time="29.234"/>
  <testcase classname="cucumberOptions.TestNGTestRunner" name="runScenario" time="23.307"/>
</testsuite> <!-- cucumberOptions.TestNGTestRunner -->
